X [0,*,0,*] (tr)
:    0   1   2   3   4   5   6   7   8    :=
0    0   0   0   0   0   0   0   0   0
1    0   0   1   0   0   0   0   0   0
2    0   0   0   0   0   0   0   0   0
3    0   0   1   0   0   0   0   0   0
4    0   0   0   0   0   0   0   0   0
5    0   0   0   0   0   0   0   0   0
6    0   0   0   0   0   0   0   0   0
7    0   0   0   0   0   0   0   0   0
8    0   0   0   0   0   0   0   0   0
9    0   0   0   0   0   0   0   0   0
10   0   0   0   0   0   0   0   0   0

 [0,*,1,*] (tr)
:    0   1   2   3   4   5   6   7   8    :=
0    0   0   0   0   0   0   0   0   0
1    0   0   0   0   0   0   0   0   0
2    0   0   0   0   0   0   0   0   0
3    0   0   0   0   0   0   0   0   0
4    0   0   0   0   0   0   0   0   0
5    0   0   0   0   0   0   0   0   0
6    0   0   0   0   0   0   0   0   0
7    0   0   0   0   0   0   0   0   0
8    0   0   0   0   0   0   0   0   0
9    0   0   0   0   0   0   0   0   0
10   0   0   0   0   0   0   0   0   0

 [0,*,2,*] (tr)
:    0   1   2   3   4   5   6   7   8    :=
0    0   0   0   0   0   0   0   0   0
1    0   0   0   0   0   0   0   0   0
2    0   0   0   0   0   0   0   0   0
3    0   0   0   0   0   0   0   0   0
4    0   0   0   0   0   0   0   0   0
5    0   0   0   0   0   0   0   0   0
6    0   0   0   0   0   0   0   0   0
7    0   0   0   0   0   0   0   0   0
8    0   0   0   0   0   0   0   0   0
9    0   0   0   0   0   0   0   0   0
10   0   0   0   0   0   0   0   0   0

 [0,*,3,*] (tr)
:    0   1   2   3   4   5   6   7   8    :=
0    0   0   0   0   0   0   0   0   0
1    0   0   0   0   0   0   0   0   0
2    0   0   0   0   0   0   0   0   0
3    0   0   0   0   0   0   0   0   0
4    0   0   0   0   0   0   0   0   0
5    0   0   0   0   0   0   0   0   0
6    0   0   0   0   0   0   0   0   0
7    0   0   0   0   0   0   0   0   0
8    0   0   0   0   0   0   0   0   0
9    0   0   0   0   0   0   0   0   0
10   0   0   0   0   0   0   0   0   0

 [1,*,0,*] (tr)
:    0   1   2   3   4   5   6   7   8    :=
0    0   0   0   0   0   0   0   0   0
1    0   0   0   0   0   0   0   0   0
2    0   0   0   0   0   0   0   0   0
3    0   0   0   0   0   0   0   0   0
4    0   0   0   0   0   0   0   0   0
5    0   0   0   0   0   0   0   0   0
6    0   0   0   0   0   0   0   0   0
7    0   0   0   0   0   0   0   0   0
8    0   0   0   0   0   0   0   0   0
9    0   0   0   0   0   0   0   0   0
10   0   0   0   0   0   0   0   0   0

 [1,*,1,*] (tr)
:    0   1   2   3   4   5   6   7   8    :=
0    0   0   0   0   0   0   0   0   0
1    0   0   0   0   0   0   0   0   0
2    0   0   0   0   0   0   0   0   0
3    0   0   0   0   0   0   0   0   0
4    0   0   0   0   0   0   0   0   0
5    0   0   0   0   0   0   0   0   0
6    0   0   0   0   0   0   0   0   0
7    0   0   0   0   0   0   0   0   0
8    0   0   0   0   0   0   0   0   0
9    0   0   0   0   0   0   0   0   0
10   0   0   0   0   0   0   0   0   0

 [1,*,2,*] (tr)
:    0   1   2   3   4   5   6   7   8    :=
0    0   0   0   0   0   0   0   0   0
1    0   0   0   0   0   0   0   0   0
2    0   0   0   0   0   0   0   0   0
3    0   0   0   0   0   0   0   0   0
4    0   0   0   0   0   0   0   0   0
5    0   0   0   0   0   0   0   0   0
6    0   0   0   0   0   0   0   0   0
7    0   0   0   0   0   0   0   0   0
8    0   0   0   0   0   0   0   0   0
9    0   0   0   0   0   0   0   0   0
10   0   0   0   0   0   0   0   0   0

 [1,*,3,*] (tr)
:    0   1   2   3   4   5   6   7   8    :=
0    0   0   0   0   0   0   0   0   0
1    0   0   0   0   0   0   0   0   0
2    0   0   0   0   0   0   0   0   0
3    0   0   0   0   0   0   0   0   0
4    0   0   0   0   0   0   0   0   0
5    0   0   0   0   0   0   0   0   0
6    0   0   0   0   1   0   0   0   0
7    0   0   0   0   0   0   0   0   0
8    0   0   0   0   0   0   0   0   0
9    0   0   0   0   0   0   0   0   0
10   0   0   0   0   0   0   0   0   0

 [2,*,0,*] (tr)
:    0   1   2   3   4   5   6   7   8    :=
0    0   0   0   0   0   0   0   0   0
1    0   0   0   0   0   0   0   0   0
2    0   0   0   0   0   0   0   0   0
3    0   0   0   0   0   0   0   0   0
4    0   0   0   0   0   0   0   0   0
5    0   0   0   0   0   0   0   0   0
6    0   0   0   0   0   0   0   0   0
7    0   0   0   0   0   0   0   0   0
8    0   0   0   0   0   0   0   0   0
9    0   0   0   0   0   0   0   0   0
10   0   0   0   0   0   0   0   0   0

 [2,*,1,*] (tr)
:    0   1   2   3   4   5   6   7   8    :=
0    0   0   0   0   0   0   0   0   0
1    0   0   0   0   1   0   0   0   0
2    0   0   0   0   0   0   0   0   0
3    0   0   0   0   0   0   0   0   0
4    0   0   0   0   0   0   0   0   0
5    0   0   0   0   0   0   0   0   0
6    0   0   0   0   0   0   0   0   0
7    0   0   0   0   0   0   0   0   0
8    0   0   0   0   0   0   0   0   0
9    0   0   0   0   0   0   0   0   0
10   0   0   0   0   0   0   0   0   0

 [2,*,2,*] (tr)
:    0   1   2   3   4   5   6   7   8    :=
0    0   0   0   0   0   0   0   0   0
1    0   0   0   0   0   0   0   0   0
2    0   0   0   0   0   0   0   0   0
3    0   0   0   1   0   0   0   0   0
4    0   0   0   0   0   0   0   0   0
5    0   0   0   0   0   0   0   0   0
6    0   0   0   0   0   0   0   0   0
7    0   0   0   0   0   0   0   0   0
8    0   0   0   0   0   0   0   0   0
9    0   0   0   0   0   0   0   0   0
10   0   0   0   0   0   0   0   0   0

 [2,*,3,*] (tr)
:    0   1   2   3   4   5   6   7   8    :=
0    0   0   0   0   0   0   0   0   0
1    0   0   0   0   0   0   0   0   0
2    0   0   0   0   0   0   0   0   0
3    0   0   0   0   0   0   0   0   0
4    0   0   0   0   0   0   0   0   0
5    0   0   0   0   0   0   0   0   0
6    0   0   0   0   0   0   0   0   0
7    0   0   0   0   0   0   0   0   0
8    0   0   0   0   0   0   0   0   0
9    0   0   0   0   0   0   0   0   0
10   0   0   0   0   0   0   0   0   0

 [3,*,0,*] (tr)
:    0   1   2   3   4   5   6   7   8    :=
0    0   0   0   0   0   0   0   0   0
1    0   0   0   0   0   0   0   0   0
2    0   0   0   0   0   0   0   0   0
3    0   0   0   0   0   0   0   0   0
4    0   0   0   0   0   0   0   0   0
5    0   0   0   0   0   0   0   0   0
6    0   0   0   0   0   0   0   0   0
7    0   0   0   0   0   0   0   0   0
8    0   0   0   0   0   0   0   0   0
9    0   0   0   0   0   0   0   0   0
10   0   0   0   0   0   0   0   0   0

 [3,*,1,*] (tr)
:    0   1   2   3   4   5   6   7   8    :=
0    0   0   0   0   0   0   0   0   0
1    0   0   0   0   0   0   0   0   0
2    0   0   0   0   0   0   0   0   0
3    0   0   0   0   0   0   0   0   0
4    0   0   0   0   0   0   0   0   0
5    0   0   0   0   0   0   0   0   0
6    0   0   0   0   0   0   0   0   0
7    0   0   0   0   0   0   0   0   0
8    0   0   0   0   0   0   0   0   0
9    0   0   0   0   0   0   0   0   0
10   0   0   0   0   0   0   0   0   0

 [3,*,2,*] (tr)
:    0   1   2   3   4   5   6   7   8    :=
0    0   0   0   0   0   0   0   0   0
1    0   0   0   0   0   0   0   0   0
2    0   0   0   0   0   0   0   0   0
3    0   0   0   0   0   0   0   0   0
4    0   0   0   0   0   0   0   1   0
5    0   0   0   0   0   0   0   0   0
6    0   0   0   0   0   0   0   0   0
7    0   0   0   0   0   0   0   0   0
8    0   0   0   0   0   0   0   0   0
9    0   0   0   0   0   0   0   0   0
10   0   0   0   0   0   0   0   0   0

 [3,*,3,*] (tr)
:    0   1   2   3   4   5   6   7   8    :=
0    0   0   0   0   0   0   0   0   0
1    0   0   0   0   0   0   0   0   0
2    0   0   0   0   0   0   0   0   0
3    0   0   0   0   0   0   0   0   0
4    0   0   0   0   0   0   0   0   0
5    0   0   0   0   0   0   0   0   0
6    0   0   0   0   0   0   0   0   0
7    0   0   0   0   0   0   0   0   0
8    0   0   0   0   0   0   0   0   0
9    0   0   0   0   0   0   0   0   0
10   0   0   0   0   0   0   0   0   0

 [4,*,0,*] (tr)
:    0   1   2   3   4   5   6   7   8    :=
0    0   0   0   0   0   0   0   0   0
1    0   0   0   0   0   0   0   0   0
2    0   0   0   0   0   0   0   0   0
3    0   0   0   0   0   0   0   0   0
4    0   0   0   0   0   0   0   0   0
5    0   0   0   0   0   0   0   0   0
6    0   0   0   0   0   0   0   0   0
7    0   0   0   0   0   0   0   0   0
8    0   0   0   0   0   0   0   0   0
9    0   0   0   0   0   0   0   0   0
10   0   0   0   0   0   0   0   0   0

 [4,*,1,*] (tr)
:    0   1   2   3   4   5   6   7   8    :=
0    0   0   0   0   0   0   0   0   0
1    0   0   0   0   0   0   0   0   0
2    0   0   0   0   0   1   0   0   0
3    0   0   0   0   0   0   0   0   0
4    0   0   0   0   0   0   0   0   0
5    0   0   0   0   0   0   0   0   0
6    0   0   0   0   0   0   0   0   0
7    0   0   0   0   0   0   0   0   0
8    0   0   0   0   0   0   0   0   0
9    0   0   0   0   0   0   0   0   0
10   0   0   0   0   0   0   0   0   0

 [4,*,2,*] (tr)
:    0   1   2   3   4   5   6   7   8    :=
0    0   0   0   0   0   0   0   0   0
1    0   0   0   0   0   0   0   0   0
2    0   0   0   0   0   0   0   0   0
3    0   0   0   0   0   0   0   0   0
4    0   0   0   0   0   0   0   0   0
5    0   0   0   0   0   0   0   0   0
6    0   0   0   0   0   0   0   0   0
7    0   0   0   0   0   0   0   0   0
8    0   0   0   0   0   0   0   0   0
9    0   0   0   0   0   0   0   0   0
10   0   0   0   0   0   0   0   0   0

 [4,*,3,*] (tr)
:    0   1   2   3   4   5   6   7   8    :=
0    0   0   0   0   0   0   0   0   0
1    0   0   0   0   0   0   0   0   0
2    0   0   0   0   0   0   0   0   0
3    0   0   0   0   0   0   0   0   0
4    0   0   0   0   0   0   0   0   0
5    0   0   0   0   0   0   0   0   0
6    0   0   0   0   0   0   0   0   0
7    0   0   0   0   0   0   0   0   0
8    0   0   0   0   0   0   1   0   0
9    0   0   0   0   0   0   0   0   0
10   0   0   0   0   0   0   0   0   0

 [5,*,0,*] (tr)
:    0   1   2   3   4   5   6   7   8    :=
0    0   0   0   0   0   0   0   0   0
1    0   0   0   0   0   0   0   0   0
2    0   0   0   0   0   0   0   0   0
3    0   0   0   0   0   0   0   0   0
4    0   1   0   0   0   0   0   0   0
5    0   0   0   0   0   0   0   0   0
6    0   0   0   0   0   0   0   0   0
7    0   0   0   0   0   0   0   0   0
8    0   0   0   0   0   0   0   0   0
9    0   0   0   0   0   0   0   0   0
10   0   0   0   0   0   0   0   0   0

 [5,*,1,*] (tr)
:    0   1   2   3   4   5   6   7   8    :=
0    0   0   0   0   0   0   0   0   0
1    0   0   0   0   0   0   0   0   0
2    0   0   0   0   0   0   0   0   0
3    0   0   0   0   0   0   0   0   0
4    0   0   0   0   0   0   0   0   0
5    0   0   0   0   0   0   0   0   0
6    0   0   0   0   0   0   0   0   0
7    0   0   0   0   0   0   0   0   0
8    0   0   0   0   0   0   0   0   0
9    0   0   0   0   0   0   0   0   0
10   0   0   0   0   0   0   0   0   0

 [5,*,2,*] (tr)
:    0   1   2   3   4   5   6   7   8    :=
0    0   0   0   0   0   0   0   0   0
1    0   0   0   0   0   0   0   0   0
2    0   0   0   0   0   0   0   0   0
3    0   0   0   0   0   0   0   0   0
4    0   0   0   0   0   0   0   0   0
5    0   0   0   0   0   0   0   0   0
6    0   0   0   0   0   0   0   0   0
7    0   0   0   0   0   0   0   0   0
8    0   0   0   0   0   0   0   0   0
9    0   0   0   0   0   0   0   0   0
10   0   0   0   0   0   0   0   0   0

 [5,*,3,*] (tr)
:    0   1   2   3   4   5   6   7   8    :=
0    0   0   0   0   0   0   0   0   0
1    0   0   0   0   0   0   0   0   0
2    0   0   0   0   0   0   0   0   0
3    0   0   0   0   0   0   0   0   0
4    0   0   0   0   0   0   0   0   0
5    0   0   0   0   0   0   0   0   0
6    0   0   0   0   0   0   0   0   0
7    0   0   0   0   0   0   0   0   0
8    0   0   0   0   0   0   0   0   0
9    0   0   0   0   0   0   0   0   0
10   0   0   0   0   0   0   0   0   0

 [6,*,0,*] (tr)
:    0   1   2   3   4   5   6   7   8    :=
0    0   0   0   0   0   0   0   0   0
1    0   0   0   0   0   0   0   0   0
2    0   0   0   0   0   0   0   0   0
3    0   0   0   0   0   0   0   0   0
4    0   0   0   0   0   0   0   0   0
5    0   0   0   0   0   0   0   0   0
6    0   0   0   0   0   0   0   0   0
7    0   0   0   0   0   0   0   0   0
8    0   0   0   0   0   0   0   0   0
9    0   0   0   0   0   0   0   0   1
10   0   0   0   0   0   0   0   0   0

 [6,*,1,*] (tr)
:    0   1   2   3   4   5   6   7   8    :=
0    0   0   0   0   0   0   0   0   0
1    0   0   0   0   0   0   0   0   0
2    0   0   0   0   0   0   0   0   0
3    0   0   0   0   0   0   0   0   0
4    0   0   0   0   0   0   0   0   0
5    0   0   0   0   0   0   0   0   0
6    0   0   0   0   0   0   0   0   0
7    0   0   0   0   0   0   0   0   0
8    0   0   0   0   0   0   0   0   0
9    0   0   0   0   0   0   0   0   0
10   0   0   0   0   0   0   0   0   0

 [6,*,2,*] (tr)
:    0   1   2   3   4   5   6   7   8    :=
0    0   0   0   0   0   0   0   0   0
1    0   0   0   0   0   0   0   0   0
2    0   0   0   0   0   0   0   0   0
3    0   0   0   0   0   0   0   0   0
4    0   0   0   0   0   0   0   0   0
5    0   0   0   0   0   0   0   0   0
6    0   0   0   0   0   0   0   0   0
7    0   0   0   0   0   0   0   0   0
8    0   0   0   0   0   0   0   0   0
9    0   0   0   0   0   0   0   0   0
10   0   0   0   0   0   0   0   0   0

 [6,*,3,*] (tr)
:    0   1   2   3   4   5   6   7   8    :=
0    0   0   0   0   0   0   0   0   0
1    0   0   0   0   0   0   0   0   0
2    0   0   0   0   0   0   0   0   0
3    0   0   0   0   0   0   0   0   0
4    0   0   0   0   0   0   0   0   0
5    0   0   0   0   0   0   0   0   0
6    0   0   0   0   0   0   0   0   0
7    0   0   0   0   0   0   0   0   0
8    0   0   0   0   0   0   0   0   0
9    0   0   0   0   0   0   0   0   0
10   0   0   0   0   0   0   0   0   0

 [7,*,0,*] (tr)
:    0   1   2   3   4   5   6   7   8    :=
0    0   0   0   0   0   0   0   0   0
1    0   0   0   0   0   0   0   0   0
2    0   0   0   0   0   0   0   0   0
3    0   0   0   0   0   0   0   0   0
4    0   0   0   0   0   0   0   0   0
5    0   0   0   0   0   0   0   0   0
6    0   0   0   0   0   0   0   0   1
7    0   0   0   0   0   0   0   0   0
8    0   0   0   0   0   0   0   0   0
9    0   0   0   0   0   0   0   0   0
10   0   0   0   0   0   0   0   0   0

 [7,*,1,*] (tr)
:    0   1   2   3   4   5   6   7   8    :=
0    0   0   0   0   0   0   0   0   0
1    0   0   0   0   0   0   0   0   0
2    0   0   0   0   0   0   0   0   0
3    0   0   0   0   0   0   0   0   0
4    0   0   0   0   0   0   0   0   0
5    0   0   0   0   0   0   0   0   0
6    0   0   0   0   0   0   0   0   0
7    0   0   0   0   0   0   0   0   0
8    0   0   0   0   0   0   0   0   0
9    0   0   0   0   0   0   0   0   0
10   0   0   0   0   0   0   0   0   0

 [7,*,2,*] (tr)
:    0   1   2   3   4   5   6   7   8    :=
0    0   0   0   0   0   0   0   0   0
1    0   0   0   0   0   0   0   0   0
2    0   0   0   0   0   0   0   0   0
3    0   0   0   0   0   0   0   0   0
4    0   0   0   0   0   0   0   0   0
5    0   0   0   0   0   0   0   0   0
6    0   0   0   0   0   0   0   0   0
7    0   0   0   0   0   0   0   0   0
8    0   0   0   0   0   0   0   0   0
9    0   0   0   0   0   0   0   0   0
10   0   0   0   0   0   0   0   0   0

 [7,*,3,*] (tr)
:    0   1   2   3   4   5   6   7   8    :=
0    0   0   0   0   0   0   0   0   0
1    0   0   0   0   0   0   0   0   0
2    0   0   0   0   0   0   0   0   0
3    0   0   0   0   0   0   0   0   0
4    0   0   0   0   0   0   0   0   0
5    0   0   0   0   0   0   0   0   0
6    0   0   0   0   0   0   0   0   0
7    0   0   0   0   0   0   0   0   0
8    0   0   0   0   0   0   0   0   0
9    0   0   0   0   0   0   0   0   0
10   0   0   0   0   0   0   0   0   0

 [8,*,0,*] (tr)
:    0   1   2   3   4   5   6   7   8    :=
0    0   0   0   0   0   0   0   0   0
1    0   0   0   0   0   0   0   0   0
2    0   0   0   0   0   0   0   0   0
3    0   0   0   0   0   0   0   0   0
4    0   0   0   0   0   0   0   0   0
5    0   0   0   0   0   0   0   0   0
6    0   0   0   0   0   0   0   0   0
7    0   0   0   0   0   0   0   0   0
8    0   0   0   0   0   0   0   0   0
9    0   0   0   0   0   0   0   0   0
10   0   0   0   0   0   0   0   0   0

 [8,*,1,*] (tr)
:    0   1   2   3   4   5   6   7   8    :=
0    0   0   0   0   0   0   0   0   0
1    0   0   0   0   0   0   0   0   0
2    0   0   0   0   0   0   0   0   0
3    0   0   0   0   0   0   0   0   0
4    0   0   0   0   0   0   0   0   0
5    0   0   0   0   0   0   0   0   0
6    0   0   0   0   0   0   0   0   0
7    0   0   0   0   0   0   0   0   0
8    0   0   0   0   0   0   0   0   0
9    0   0   0   0   0   0   0   0   0
10   0   0   0   0   0   0   0   0   0

 [8,*,2,*] (tr)
:    0   1   2   3   4   5   6   7   8    :=
0    0   0   0   0   0   0   0   0   0
1    0   0   0   0   0   0   0   0   0
2    0   0   0   0   0   0   0   0   0
3    0   0   0   0   0   0   0   0   0
4    0   0   0   0   0   0   0   0   0
5    0   0   0   0   0   0   0   0   0
6    0   0   0   0   0   0   0   0   0
7    0   0   0   0   0   0   0   0   0
8    0   0   0   0   0   0   0   0   0
9    0   0   0   0   0   0   0   0   0
10   0   0   0   0   0   0   0   0   0

 [8,*,3,*] (tr)
:    0   1   2   3   4   5   6   7   8    :=
0    0   0   0   0   0   0   0   0   0
1    0   0   0   0   0   0   0   0   0
2    0   0   0   0   0   0   0   0   0
3    0   0   0   0   0   0   0   0   0
4    0   0   0   0   0   0   0   0   0
5    0   0   0   0   0   0   0   0   0
6    0   0   0   0   0   0   0   0   0
7    0   0   0   0   0   0   0   0   0
8    0   0   0   0   0   0   0   0   0
9    0   0   0   0   0   0   0   0   0
10   0   0   0   0   0   0   0   0   0
;

